*** start stack ***
frame 0 ip: 0x80489d5
frame 1 ip: 0x8048784
frame 2 ip: 0x8048799
frame 3 ip: 0x8048799
frame 4 ip: 0x8048799
frame 5 ip: 0x8048799
frame 6 ip: 0x8048799
frame 7 ip: 0x8048799
frame 8 ip: 0x8048799
frame 9 ip: 0x8048799
frame 10 ip: 0x8048799
frame 11 ip: 0x8048799
frame 12 ip: 0x8048799
frame 13 ip: 0x8048799
frame 14 ip: 0x8048799
frame 15 ip: 0x8048799
frame 16 ip: 0x8048799
frame 17 ip: 0x8048799
frame 18 ip: 0x8048799
frame 19 ip: 0x8048799
frame 20 ip: 0x8048799
frame 21 ip: 0x8048799
frame 22 ip: 0x80487c0
frame 23 ip: 0x40046e37
frame 24 ip: 0x80486d1

08048000-08049000 00000000 /home/mmoser/archive/cstuff_bak/GNU-Linux-2.6.38-8-generic-i686/test/errorp
40000000-4001c000 00000000 /lib/i386-linux-gnu/ld-2.13.so
4001e000-4001f000 00000000 [vdso]
40030000-4018a000 00000000 /lib/i386-linux-gnu/libc-2.13.so
40193000-401ad000 00000000 /lib/i386-linux-gnu/libgcc_s.so.1
*** eof stack ***

*** start stack ***
frame 0 ip: 0x80489d5
frame 1 ip: 0x80487ef
frame 2 ip: 0x40046e37
frame 3 ip: 0x80486d1

08048000-08049000 00000000 /home/mmoser/archive/cstuff_bak/GNU-Linux-2.6.38-8-generic-i686/test/errorp
40000000-4001c000 00000000 /lib/i386-linux-gnu/ld-2.13.so
4001e000-4001f000 00000000 [vdso]
40030000-4018a000 00000000 /lib/i386-linux-gnu/libc-2.13.so
40193000-401ad000 00000000 /lib/i386-linux-gnu/libgcc_s.so.1
*** eof stack ***

13.so
40193000-401ad000 00000000 /lib/i386-linux-gnu/libgcc_s.so.1
*** eof stack ***

*** start stack ***
frame 0 ip: 0x80489d5
frame 1 ip: 0x8048784
frame 2 ip: 0x8048799
frame 3 ip: 0x8048799
frame 4 ip: 0x8048799
frame 5 ip: 0x8048799
frame 6 ip: 0x8048799
frame 7 ip: 0x8048799
frame 8 ip: 0x8048799
frame 9 ip: 0x8048799
frame 10 ip: 0x8048799
frame 11 ip: 0x8048799
frame 12 ip: 0x8048799
frame 13 ip: 0x8048799
frame 14 ip: 0x8048799
frame 15 ip: 0x8048799
frame 16 ip: 0x8048799
frame 17 ip: 0x8048799
frame 18 ip: 0x8048799
frame 19 ip: 0x8048799
frame 20 ip: 0x8048799
frame 21 ip: 0x8048799
frame 22 ip: 0x80487c0
frame 23 ip: 0x40046e37
frame 24 ip: 0x80486d1

08048000-08049000 00000000 /home/mmoser/archive/cstuff_bak/GNU-Linux-2.6.38-8-generic-i686/test/errorp
40000000-4001c000 00000000 /lib/i386-linux-gnu/ld-2.13.so
4001e000-4001f000 00000000 [vdso]
40030000-4018a000 00000000 /lib/i386-linux-gnu/libc-2.13.so
40193000-401ad000 00000000 /lib/i386-linux-gnu/libgcc_s.so.1
*** eof stack ***

*** start stack ***
frame 0 ip: 0x80489d5
frame 1 ip: 0x80487ef
frame 2 ip: 0x40046e37
frame 3 ip: 0x80486d1

08048000-08049000 00000000 /home/mmoser/archive/cstuff_bak/GNU-Linux-2.6.38-8-generic-i686/test/errorp
40000000-4001c000 00000000 /lib/i386-linux-gnu/ld-2.13.so
4001e000-4001f000 00000000 [vdso]
40030000-4018a000 00000000 /lib/i386-linux-gnu/libc-2.13.so
40193000-401ad000 00000000 /lib/i386-linux-gnu/libgcc_s.so.1
*** eof stack ***

*** start stack ***
frame 0 ip: 0x80489d5
frame 1 ip: 0x8048784
frame 2 ip: 0x8048799
frame 3 ip: 0x8048799
frame 4 ip: 0x8048799
frame 5 ip: 0x8048799
frame 6 ip: 0x8048799
frame 7 ip: 0x8048799
frame 8 ip: 0x8048799
frame 9 ip: 0x8048799
frame 10 ip: 0x8048799
frame 11 ip: 0x8048799
frame 12 ip: 0x8048799
frame 13 ip: 0x8048799
frame 14 ip: 0x8048799
frame 15 ip: 0x8048799
frame 16 ip: 0x8048799
frame 17 ip: 0x8048799
frame 18 ip: 0x8048799
frame 19 ip: 0x8048799
frame 20 ip: 0x8048799
frame 21 ip: 0x8048799
frame 22 ip: 0x80487c0
frame 23 ip: 0x40046e37
frame 24 ip: 0x80486d1

08048000-08049000 00000000 /home/mmoser/archive/cstuff_bak/GNU-Linux-2.6.38-8-generic-i686/test/errorp
40000000-4001c000 00000000 /lib/i386-linux-gnu/ld-2.13.so
4001e000-4001f000 00000000 [vdso]
40030000-4018a000 00000000 /lib/i386-linux-gnu/libc-2.13.so
40193000-401ad000 00000000 /lib/i386-linux-gnu/libgcc_s.so.1
*** eof stack ***

*** start stack ***
frame 0 ip: 0x80489d5
frame 1 ip: 0x80487ef
frame 2 ip: 0x40046e37
frame 3 ip: 0x80486d1

08048000-08049000 00000000 /home/mmoser/archive/cstuff_bak/GNU-Linux-2.6.38-8-generic-i686/test/errorp
40000000-4001c000 00000000 /lib/i386-linux-gnu/ld-2.13.so
4001e000-4001f000 00000000 [vdso]
40030000-4018a000 00000000 /lib/i386-linux-gnu/libc-2.13.so
40193000-401ad000 00000000 /lib/i386-linux-gnu/libgcc_s.so.1
*** eof stack ***

*** start stack ***
frame 0 ip: 0x80489d5
frame 1 ip: 0x8048784
frame 2 ip: 0x8048799
frame 3 ip: 0x8048799
frame 4 ip: 0x8048799
frame 5 ip: 0x8048799
frame 6 ip: 0x8048799
frame 7 ip: 0x8048799
frame 8 ip: 0x8048799
frame 9 ip: 0x8048799
frame 10 ip: 0x8048799
frame 11 ip: 0x8048799
frame 12 ip: 0x8048799
frame 13 ip: 0x8048799
frame 14 ip: 0x8048799
frame 15 ip: 0x8048799
frame 16 ip: 0x8048799
frame 17 ip: 0x8048799
frame 18 ip: 0x8048799
frame 19 ip: 0x8048799
frame 20 ip: 0x8048799
frame 21 ip: 0x8048799
frame 22 ip: 0x80487c0
frame 23 ip: 0x40046e37
frame 24 ip: 0x80486d1

08048000-08049000 00000000 /home/mmoser/archive/cstuff_bak/GNU-Linux-2.6.38-8-generic-i686/test/errorp
40000000-4001c000 00000000 /lib/i386-linux-gnu/ld-2.13.so
4001e000-4001f000 00000000 [vdso]
40030000-4018a000 00000000 /lib/i386-linux-gnu/libc-2.13.so
40193000-401ad000 00000000 /lib/i386-linux-gnu/libgcc_s.so.1
*** eof stack ***

*** start stack ***
frame 0 ip: 0x80489d5
frame 1 ip: 0x80487ef
frame 2 ip: 0x40046e37
frame 3 ip: 0x80486d1

08048000-08049000 00000000 /home/mmoser/archive/cstuff_bak/GNU-Linux-2.6.38-8-generic-i686/test/errorp
40000000-4001c000 00000000 /lib/i386-linux-gnu/ld-2.13.so
4001e000-4001f000 00000000 [vdso]
40030000-4018a000 00000000 /lib/i386-linux-gnu/libc-2.13.so
40193000-401ad000 00000000 /lib/i386-linux-gnu/libgcc_s.so.1
*** eof stack ***

*** start stack ***
frame 0 ip: 0x80489d5
frame 1 ip: 0x8048784
frame 2 ip: 0x8048799
frame 3 ip: 0x8048799
frame 4 ip: 0x8048799
frame 5 ip: 0x8048799
frame 6 ip: 0x8048799
frame 7 ip: 0x8048799
frame 8 ip: 0x8048799
frame 9 ip: 0x8048799
frame 10 ip: 0x8048799
frame 11 ip: 0x8048799
frame 12 ip: 0x8048799
frame 13 ip: 0x8048799
frame 14 ip: 0x8048799
frame 15 ip: 0x8048799
frame 16 ip: 0x8048799
frame 17 ip: 0x8048799
frame 18 ip: 0x8048799
frame 19 ip: 0x8048799
frame 20 ip: 0x8048799
frame 21 ip: 0x8048799
frame 22 ip: 0x80487c0
frame 23 ip: 0x40046e37
frame 24 ip: 0x80486d1

08048000-08049000 00000000 /home/mmoser/archive/cstuff_bak/GNU-Linux-2.6.38-8-generic-i686/test/errorp
40000000-4001c000 00000000 /lib/i386-linux-gnu/ld-2.13.so
4001e000-4001f000 00000000 [vdso]
40030000-4018a000 00000000 /lib/i386-linux-gnu/libc-2.13.so
40193000-401ad000 00000000 /lib/i386-linux-gnu/libgcc_s.so.1
*** eof stack ***

*** start stack ***
frame 0 ip: 0x80489d5
frame 1 ip: 0x80487ef
frame 2 ip: 0x40046e37
frame 3 ip: 0x80486d1

08048000-08049000 00000000 /home/mmoser/archive/cstuff_bak/GNU-Linux-2.6.38-8-generic-i686/test/errorp
40000000-4001c000 00000000 /lib/i386-linux-gnu/ld-2.13.so
4001e000-4001f000 00000000 [vdso]
40030000-4018a000 00000000 /lib/i386-linux-gnu/libc-2.13.so
40193000-401ad000 00000000 /lib/i386-linux-gnu/libgcc_s.so.1
*** eof stack ***

*** start stack ***
frame 0 ip: 0x80489d5
frame 1 ip: 0x8048784
frame 2 ip: 0x8048799
frame 3 ip: 0x8048799
frame 4 ip: 0x8048799
frame 5 ip: 0x8048799
frame 6 ip: 0x8048799
frame 7 ip: 0x8048799
frame 8 ip: 0x8048799
frame 9 ip: 0x8048799
frame 10 ip: 0x8048799
frame 11 ip: 0x8048799
frame 12 ip: 0x8048799
frame 13 ip: 0x8048799
frame 14 ip: 0x8048799
frame 15 ip: 0x8048799
frame 16 ip: 0x8048799
frame 17 ip: 0x8048799
frame 18 ip: 0x8048799
frame 19 ip: 0x8048799
frame 20 ip: 0x8048799
frame 21 ip: 0x8048799
frame 22 ip: 0x80487c0
frame 23 ip: 0x40046e37
frame 24 ip: 0x80486d1

08048000-08049000 00000000 /home/mmoser/archive/cstuff_bak/GNU-Linux-2.6.38-8-generic-i686/test/errorp
40000000-4001c000 00000000 /lib/i386-linux-gnu/ld-2.13.so
4001e000-4001f000 00000000 [vdso]
40030000-4018a000 00000000 /lib/i386-linux-gnu/libc-2.13.so
40193000-401ad000 00000000 /lib/i386-linux-gnu/libgcc_s.so.1
*** eof stack ***

*** start stack ***
frame 0 ip: 0x80489d5
frame 1 ip: 0x80487ef
frame 2 ip: 0x40046e37
frame 3 ip: 0x80486d1

08048000-08049000 00000000 /home/mmoser/archive/cstuff_bak/GNU-Linux-2.6.38-8-generic-i686/test/errorp
40000000-4001c000 00000000 /lib/i386-linux-gnu/ld-2.13.so
4001e000-4001f000 00000000 [vdso]
40030000-4018a000 00000000 /lib/i386-linux-gnu/libc-2.13.so
40193000-401ad000 00000000 /lib/i386-linux-gnu/libgcc_s.so.1
*** eof stack ***

*** start stack ***
frame 0 ip: 0x80489d5
frame 1 ip: 0x8048784
frame 2 ip: 0x8048799
frame 3 ip: 0x8048799
frame 4 ip: 0x8048799
frame 5 ip: 0x8048799
frame 6 ip: 0x8048799
frame 7 ip: 0x8048799
frame 8 ip: 0x8048799
frame 9 ip: 0x8048799
frame 10 ip: 0x8048799
frame 11 ip: 0x8048799
frame 12 ip: 0x8048799
frame 13 ip: 0x8048799
frame 14 ip: 0x8048799
frame 15 ip: 0x8048799
frame 16 ip: 0x8048799
frame 17 ip: 0x8048799
frame 18 ip: 0x8048799
frame 19 ip: 0x8048799
frame 20 ip: 0x8048799
frame 21 ip: 0x8048799
frame 22 ip: 0x80487c0
frame 23 ip: 0x40046e37
frame 24 ip: 0x80486d1

08048000-08049000 00000000 /home/mmoser/archive/cstuff_bak/GNU-Linux-2.6.38-8-generic-i686/test/errorp
40000000-4001c000 00000000 /lib/i386-linux-gnu/ld-2.13.so
4001e000-4001f000 00000000 [vdso]
40030000-4018a000 00000000 /lib/i386-linux-gnu/libc-2.13.so
40193000-401ad000 00000000 /lib/i386-linux-gnu/libgcc_s.so.1
*** eof stack ***

*** start stack ***
frame 0 ip: 0x80489d5
frame 1 ip: 0x80487ef
frame 2 ip: 0x40046e37
frame 3 ip: 0x80486d1

08048000-08049000 00000000 /home/mmoser/archive/cstuff_bak/GNU-Linux-2.6.38-8-generic-i686/test/errorp
40000000-4001c000 00000000 /lib/i386-linux-gnu/ld-2.13.so
4001e000-4001f000 00000000 [vdso]
40030000-4018a000 00000000 /lib/i386-linux-gnu/libc-2.13.so
40193000-401ad000 00000000 /lib/i386-linux-gnu/libgcc_s.so.1
*** eof stack ***

*** start stack ***
frame 0 ip: 0x80489d5
frame 1 ip: 0x8048784
frame 2 ip: 0x8048799
frame 3 ip: 0x8048799
frame 4 ip: 0x8048799
frame 5 ip: 0x8048799
frame 6 ip: 0x8048799
frame 7 ip: 0x8048799
frame 8 ip: 0x8048799
frame 9 ip: 0x8048799
frame 10 ip: 0x8048799
frame 11 ip: 0x8048799
frame 12 ip: 0x8048799
frame 13 ip: 0x8048799
frame 14 ip: 0x8048799
frame 15 ip: 0x8048799
frame 16 ip: 0x8048799
frame 17 ip: 0x8048799
frame 18 ip: 0x8048799
frame 19 ip: 0x8048799
frame 20 ip: 0x8048799
frame 21 ip: 0x8048799
frame 22 ip: 0x80487c0
frame 23 ip: 0x40046e37
frame 24 ip: 0x80486d1

08048000-08049000 00000000 /home/mmoser/archive/cstuff_bak/GNU-Linux-2.6.38-8-generic-i686/test/errorp
40000000-4001c000 00000000 /lib/i386-linux-gnu/ld-2.13.so
4001e000-4001f000 00000000 [vdso]
40030000-4018a000 00000000 /lib/i386-linux-gnu/libc-2.13.so
40193000-401ad000 00000000 /lib/i386-linux-gnu/libgcc_s.so.1
*** eof stack ***

*** start stack ***
frame 0 ip: 0x80489d5
frame 1 ip: 0x80487ef
frame 2 ip: 0x40046e37
frame 3 ip: 0x80486d1

08048000-08049000 00000000 /home/mmoser/archive/cstuff_bak/GNU-Linux-2.6.38-8-generic-i686/test/errorp
40000000-4001c000 00000000 /lib/i386-linux-gnu/ld-2.13.so
4001e000-4001f000 00000000 [vdso]
40030000-4018a000 00000000 /lib/i386-linux-gnu/libc-2.13.so
40193000-401ad000 00000000 /lib/i386-linux-gnu/libgcc_s.so.1
*** eof stack ***

*** start stack ***
frame 0 ip: 0x80489d5
frame 1 ip: 0x8048784
frame 2 ip: 0x8048799
frame 3 ip: 0x8048799
frame 4 ip: 0x8048799
frame 5 ip: 0x8048799
frame 6 ip: 0x8048799
frame 7 ip: 0x8048799
frame 8 ip: 0x8048799
frame 9 ip: 0x8048799
frame 10 ip: 0x8048799
frame 11 ip: 0x8048799
frame 12 ip: 0x8048799
frame 13 ip: 0x8048799
frame 14 ip: 0x8048799
frame 15 ip: 0x8048799
frame 16 ip: 0x8048799
frame 17 ip: 0x8048799
frame 18 ip: 0x8048799
frame 19 ip: 0x8048799
frame 20 ip: 0x8048799
frame 21 ip: 0x8048799
frame 22 ip: 0x80487c0
frame 23 ip: 0x40046e37
frame 24 ip: 0x80486d1

08048000-08049000 00000000 /home/mmoser/archive/cstuff_bak/GNU-Linux-2.6.38-8-generic-i686/test/errorp
40000000-4001c000 00000000 /lib/i386-linux-gnu/ld-2.13.so
4001e000-4001f000 00000000 [vdso]
40030000-4018a000 00000000 /lib/i386-linux-gnu/libc-2.13.so
40193000-401ad000 00000000 /lib/i386-linux-gnu/libgcc_s.so.1
*** eof stack ***

*** start stack ***
frame 0 ip: 0x80489d5
frame 1 ip: 0x80487ef
frame 2 ip: 0x40046e37
frame 3 ip: 0x80486d1

08048000-08049000 00000000 /home/mmoser/archive/cstuff_bak/GNU-Linux-2.6.38-8-generic-i686/test/errorp
40000000-4001c000 00000000 /lib/i386-linux-gnu/ld-2.13.so
4001e000-4001f000 00000000 [vdso]
40030000-4018a000 00000000 /lib/i386-linux-gnu/libc-2.13.so
40193000-401ad000 00000000 /lib/i386-linux-gnu/libgcc_s.so.1
*** eof stack ***

*** start stack ***
frame 0 ip: 0x80489d5
frame 1 ip: 0x8048784
frame 2 ip: 0x8048799
frame 3 ip: 0x8048799
frame 4 ip: 0x8048799
frame 5 ip: 0x8048799
frame 6 ip: 0x8048799
frame 7 ip: 0x8048799
frame 8 ip: 0x8048799
frame 9 ip: 0x8048799
frame 10 ip: 0x8048799
frame 11 ip: 0x8048799
frame 12 ip: 0x8048799
frame 13 ip: 0x8048799
frame 14 ip: 0x8048799
frame 15 ip: 0x8048799
frame 16 ip: 0x8048799
frame 17 ip: 0x8048799
frame 18 ip: 0x8048799
frame 19 ip: 0x8048799
frame 20 ip: 0x8048799
frame 21 ip: 0x8048799
frame 22 ip: 0x80487c0
frame 23 ip: 0x40046e37
frame 24 ip: 0x80486d1

08048000-08049000 00000000 /home/mmoser/archive/cstuff_bak/GNU-Linux-2.6.38-8-generic-i686/test/errorp
40000000-4001c000 00000000 /lib/i386-linux-gnu/ld-2.13.so
4001e000-4001f000 00000000 [vdso]
40030000-4018a000 00000000 /lib/i386-linux-gnu/libc-2.13.so
40193000-401ad000 00000000 /lib/i386-linux-gnu/libgcc_s.so.1
*** eof stack ***

*** start stack ***
frame 0 ip: 0x80489d5
frame 1 ip: 0x80487ef
frame 2 ip: 0x40046e37
frame 3 ip: 0x80486d1

08048000-08049000 00000000 /home/mmoser/archive/cstuff_bak/GNU-Linux-2.6.38-8-generic-i686/test/errorp
40000000-4001c000 00000000 /lib/i386-linux-gnu/ld-2.13.so
4001e000-4001f000 00000000 [vdso]
40030000-4018a000 00000000 /lib/i386-linux-gnu/libc-2.13.so
40193000-401ad000 00000000 /lib/i386-linux-gnu/libgcc_s.so.1
*** eof stack ***

*** start stack ***
frame 0 ip: 0x80489d5
frame 1 ip: 0x8048784
frame 2 ip: 0x8048799
frame 3 ip: 0x8048799
frame 4 ip: 0x8048799
frame 5 ip: 0x8048799
frame 6 ip: 0x8048799
frame 7 ip: 0x8048799
frame 8 ip: 0x8048799
frame 9 ip: 0x8048799
frame 10 ip: 0x8048799
frame 11 ip: 0x8048799
frame 12 ip: 0x8048799
frame 13 ip: 0x8048799
frame 14 ip: 0x8048799
frame 15 ip: 0x8048799
frame 16 ip: 0x8048799
frame 17 ip: 0x8048799
frame 18 ip: 0x8048799
frame 19 ip: 0x8048799
frame 20 ip: 0x8048799
frame 21 ip: 0x8048799
frame 22 ip: 0x80487c0
frame 23 ip: 0x40046e37
frame 24 ip: 0x80486d1

08048000-08049000 00000000 /home/mmoser/archive/cstuff_bak/GNU-Linux-2.6.38-8-generic-i686/test/errorp
40000000-4001c000 00000000 /lib/i386-linux-gnu/ld-2.13.so
4001e000-4001f000 00000000 [vdso]
40030000-4018a000 00000000 /lib/i386-linux-gnu/libc-2.13.so
40193000-401ad000 00000000 /lib/i386-linux-gnu/libgcc_s.so.1
*** eof stack ***

*** start stack ***
frame 0 ip: 0x80489d5
frame 1 ip: 0x80487ef
frame 2 ip: 0x40046e37
frame 3 ip: 0x80486d1

08048000-08049000 00000000 /home/mmoser/archive/cstuff_bak/GNU-Linux-2.6.38-8-generic-i686/test/errorp
40000000-4001c000 00000000 /lib/i386-linux-gnu/ld-2.13.so
4001e000-4001f000 00000000 [vdso]
40030000-4018a000 00000000 /lib/i386-linux-gnu/libc-2.13.so
40193000-401ad000 00000000 /lib/i386-linux-gnu/libgcc_s.so.1
*** eof stack ***

*** start stack ***
frame 0 ip: 0x80489d5
frame 1 ip: 0x8048784
frame 2 ip: 0x8048799
frame 3 ip: 0x8048799
frame 4 ip: 0x8048799
frame 5 ip: 0x8048799
frame 6 ip: 0x8048799
frame 7 ip: 0x8048799
frame 8 ip: 0x8048799
frame 9 ip: 0x8048799
frame 10 ip: 0x8048799
frame 11 ip: 0x8048799
frame 12 ip: 0x8048799
frame 13 ip: 0x8048799
frame 14 ip: 0x8048799
frame 15 ip: 0x8048799
frame 16 ip: 0x8048799
frame 17 ip: 0x8048799
frame 18 ip: 0x8048799
frame 19 ip: 0x8048799
frame 20 ip: 0x8048799
frame 21 ip: 0x8048799
frame 22 ip: 0x80487c0
frame 23 ip: 0x4052e37
frame 24 ip: 0x80486d1

04000000-0401c000 00000000 /lib/i386-linux-gnu/ld-2.13.so
04020000-04021000 00000000 /usr/lib/valgrind/vgpreload_core-x86-linux.so
04023000-0402a000 00000000 /usr/lib/valgrind/vgpreload_memcheck-x86-linux.so
0403c000-04196000 00000000 /lib/i386-linux-gnu/libc-2.13.so
0459e000-045b8000 00000000 /lib/i386-linux-gnu/libgcc_s.so.1
08048000-08049000 00000000 /home/mmoser/archive/cstuff_bak/GNU-Linux-2.6.38-8-generic-i686/test/errorp
38000000-381f6000 00001000 /usr/lib/valgrind/memcheck-x86-linux
*** eof stack ***

*** start stack ***
frame 0 ip: 0x80489d5
frame 1 ip: 0x80487ef
frame 2 ip: 0x4052e37
frame 3 ip: 0x80486d1

04000000-0401c000 00000000 /lib/i386-linux-gnu/ld-2.13.so
04020000-04021000 00000000 /usr/lib/valgrind/vgpreload_core-x86-linux.so
04023000-0402a000 00000000 /usr/lib/valgrind/vgpreload_memcheck-x86-linux.so
0403c000-04196000 00000000 /lib/i386-linux-gnu/libc-2.13.so
0459e000-045b8000 00000000 /lib/i386-linux-gnu/libgcc_s.so.1
08048000-08049000 00000000 /home/mmoser/archive/cstuff_bak/GNU-Linux-2.6.38-8-generic-i686/test/errorp
38000000-381f6000 00001000 /usr/lib/valgrind/memcheck-x86-linux
*** eof stack ***

*** start stack ***
frame 0 ip: 0x80489d5
frame 1 ip: 0x8048784
frame 2 ip: 0x8048799
frame 3 ip: 0x8048799
frame 4 ip: 0x8048799
frame 5 ip: 0x8048799
frame 6 ip: 0x8048799
frame 7 ip: 0x8048799
frame 8 ip: 0x8048799
frame 9 ip: 0x8048799
frame 10 ip: 0x8048799
frame 11 ip: 0x8048799
frame 12 ip: 0x8048799
frame 13 ip: 0x8048799
frame 14 ip: 0x8048799
frame 15 ip: 0x8048799
frame 16 ip: 0x8048799
frame 17 ip: 0x8048799
frame 18 ip: 0x8048799
frame 19 ip: 0x8048799
frame 20 ip: 0x8048799
frame 21 ip: 0x8048799
frame 22 ip: 0x80487c0
frame 23 ip: 0x40046e37
frame 24 ip: 0x80486d1

08048000-08049000 00000000 /home/mmoser/archive/cstuff_bak/GNU-Linux-2.6.38-8-generic-i686/test/errorp
40000000-4001c000 00000000 /lib/i386-linux-gnu/ld-2.13.so
4001e000-4001f000 00000000 [vdso]
40030000-4018a000 00000000 /lib/i386-linux-gnu/libc-2.13.so
40193000-401ad000 00000000 /lib/i386-linux-gnu/libgcc_s.so.1
*** eof stack ***

*** start stack ***
frame 0 ip: 0x80489d5
frame 1 ip: 0x80487ef
frame 2 ip: 0x40046e37
frame 3 ip: 0x80486d1

08048000-08049000 00000000 /home/mmoser/archive/cstuff_bak/GNU-Linux-2.6.38-8-generic-i686/test/errorp
40000000-4001c000 00000000 /lib/i386-linux-gnu/ld-2.13.so
4001e000-4001f000 00000000 [vdso]
40030000-4018a000 00000000 /lib/i386-linux-gnu/libc-2.13.so
40193000-401ad000 00000000 /lib/i386-linux-gnu/libgcc_s.so.1
*** eof stack ***

*** start stack ***
frame 0 ip: 0x80489d5
frame 1 ip: 0x8048784
frame 2 ip: 0x8048799
frame 3 ip: 0x8048799
frame 4 ip: 0x8048799
frame 5 ip: 0x8048799
frame 6 ip: 0x8048799
frame 7 ip: 0x8048799
frame 8 ip: 0x8048799
frame 9 ip: 0x8048799
frame 10 ip: 0x8048799
frame 11 ip: 0x8048799
frame 12 ip: 0x8048799
frame 13 ip: 0x8048799
frame 14 ip: 0x8048799
frame 15 ip: 0x8048799
frame 16 ip: 0x8048799
frame 17 ip: 0x8048799
frame 18 ip: 0x8048799
frame 19 ip: 0x8048799
frame 20 ip: 0x8048799
frame 21 ip: 0x8048799
frame 22 ip: 0x80487c0
frame 23 ip: 0x4052e37
frame 24 ip: 0x80486d1

04000000-0401c000 00000000 /lib/i386-linux-gnu/ld-2.13.so
04020000-04021000 00000000 /usr/lib/valgrind/vgpreload_core-x86-linux.so
04023000-0402a000 00000000 /usr/lib/valgrind/vgpreload_memcheck-x86-linux.so
0403c000-04196000 00000000 /lib/i386-linux-gnu/libc-2.13.so
0459e000-045b8000 00000000 /lib/i386-linux-gnu/libgcc_s.so.1
08048000-08049000 00000000 /home/mmoser/archive/cstuff_bak/GNU-Linux-2.6.38-8-generic-i686/test/errorp
38000000-381f6000 00001000 /usr/lib/valgrind/memcheck-x86-linux
*** eof stack ***

*** start stack ***
frame 0 ip: 0x80489d5
frame 1 ip: 0x80487ef
frame 2 ip: 0x4052e37
frame 3 ip: 0x80486d1

04000000-0401c000 00000000 /lib/i386-linux-gnu/ld-2.13.so
04020000-04021000 00000000 /usr/lib/valgrind/vgpreload_core-x86-linux.so
04023000-0402a000 00000000 /usr/lib/valgrind/vgpreload_memcheck-x86-linux.so
0403c000-04196000 00000000 /lib/i386-linux-gnu/libc-2.13.so
0459e000-045b8000 00000000 /lib/i386-linux-gnu/libgcc_s.so.1
08048000-08049000 00000000 /home/mmoser/archive/cstuff_bak/GNU-Linux-2.6.38-8-generic-i686/test/errorp
38000000-381f6000 00001000 /usr/lib/valgrind/memcheck-x86-linux
*** eof stack ***

*** start stack ***
frame 0 ip: 0x80489d5
frame 1 ip: 0x8048784
frame 2 ip: 0x8048799
frame 3 ip: 0x8048799
frame 4 ip: 0x8048799
frame 5 ip: 0x8048799
frame 6 ip: 0x8048799
frame 7 ip: 0x8048799
frame 8 ip: 0x8048799
frame 9 ip: 0x8048799
frame 10 ip: 0x8048799
frame 11 ip: 0x8048799
frame 12 ip: 0x8048799
frame 13 ip: 0x8048799
frame 14 ip: 0x8048799
frame 15 ip: 0x8048799
frame 16 ip: 0x8048799
frame 17 ip: 0x8048799
frame 18 ip: 0x8048799
frame 19 ip: 0x8048799
frame 20 ip: 0x8048799
frame 21 ip: 0x8048799
frame 22 ip: 0x80487c0
frame 23 ip: 0x40046e37
frame 24 ip: 0x80486d1

08048000-08049000 00000000 /home/mmoser/archive/cstuff_bak/GNU-Linux-2.6.38-8-generic-i686/test/errorp
40000000-4001c000 00000000 /lib/i386-linux-gnu/ld-2.13.so
4001e000-4001f000 00000000 [vdso]
40030000-4018a000 00000000 /lib/i386-linux-gnu/libc-2.13.so
40193000-401ad000 00000000 /lib/i386-linux-gnu/libgcc_s.so.1
*** eof stack ***

*** start stack ***
frame 0 ip: 0x80489d5
frame 1 ip: 0x80487ef
frame 2 ip: 0x40046e37
frame 3 ip: 0x80486d1

08048000-08049000 00000000 /home/mmoser/archive/cstuff_bak/GNU-Linux-2.6.38-8-generic-i686/test/errorp
40000000-4001c000 00000000 /lib/i386-linux-gnu/ld-2.13.so
4001e000-4001f000 00000000 [vdso]
40030000-4018a000 00000000 /lib/i386-linux-gnu/libc-2.13.so
40193000-401ad000 00000000 /lib/i386-linux-gnu/libgcc_s.so.1
*** eof stack ***

*** start stack ***
frame 0 ip: 0x80489d5
frame 1 ip: 0x8048784
frame 2 ip: 0x8048799
frame 3 ip: 0x8048799
frame 4 ip: 0x8048799
frame 5 ip: 0x8048799
frame 6 ip: 0x8048799
frame 7 ip: 0x8048799
frame 8 ip: 0x8048799
frame 9 ip: 0x8048799
frame 10 ip: 0x8048799
frame 11 ip: 0x8048799
frame 12 ip: 0x8048799
frame 13 ip: 0x8048799
frame 14 ip: 0x8048799
frame 15 ip: 0x8048799
frame 16 ip: 0x8048799
frame 17 ip: 0x8048799
frame 18 ip: 0x8048799
frame 19 ip: 0x8048799
frame 20 ip: 0x8048799
frame 21 ip: 0x8048799
frame 22 ip: 0x80487c0
frame 23 ip: 0x40046e37
frame 24 ip: 0x80486d1

08048000-08049000 00000000 /home/mmoser/archive/cstuff_bak/GNU-Linux-2.6.38-8-generic-i686/test/errorp
40000000-4001c000 00000000 /lib/i386-linux-gnu/ld-2.13.so
4001e000-4001f000 00000000 [vdso]
40030000-4018a000 00000000 /lib/i386-linux-gnu/libc-2.13.so
40193000-401ad000 00000000 /lib/i386-linux-gnu/libgcc_s.so.1
*** eof stack ***

*** start stack ***
frame 0 ip: 0x80489d5
frame 1 ip: 0x80487ef
frame 2 ip: 0x40046e37
frame 3 ip: 0x80486d1

08048000-08049000 00000000 /home/mmoser/archive/cstuff_bak/GNU-Linux-2.6.38-8-generic-i686/test/errorp
40000000-4001c000 00000000 /lib/i386-linux-gnu/ld-2.13.so
4001e000-4001f000 00000000 [vdso]
40030000-4018a000 00000000 /lib/i386-linux-gnu/libc-2.13.so
40193000-401ad000 00000000 /lib/i386-linux-gnu/libgcc_s.so.1
*** eof stack ***

*** start stack ***
frame 0 ip: 0x80489d5
frame 1 ip: 0x8048784
frame 2 ip: 0x8048799
frame 3 ip: 0x8048799
frame 4 ip: 0x8048799
frame 5 ip: 0x8048799
frame 6 ip: 0x8048799
frame 7 ip: 0x8048799
frame 8 ip: 0x8048799
frame 9 ip: 0x8048799
frame 10 ip: 0x8048799
frame 11 ip: 0x8048799
frame 12 ip: 0x8048799
frame 13 ip: 0x8048799
frame 14 ip: 0x8048799
frame 15 ip: 0x8048799
frame 16 ip: 0x8048799
frame 17 ip: 0x8048799
frame 18 ip: 0x8048799
frame 19 ip: 0x8048799
frame 20 ip: 0x8048799
frame 21 ip: 0x8048799
frame 22 ip: 0x80487c0
frame 23 ip: 0x40046e37
frame 24 ip: 0x80486d1

08048000-08049000 00000000 /home/mmoser/archive/cstuff_bak/GNU-Linux-2.6.38-8-generic-i686/test/errorp
40000000-4001c000 00000000 /lib/i386-linux-gnu/ld-2.13.so
4001e000-4001f000 00000000 [vdso]
40030000-4018a000 00000000 /lib/i386-linux-gnu/libc-2.13.so
40193000-401ad000 00000000 /lib/i386-linux-gnu/libgcc_s.so.1
*** eof stack ***

*** start stack ***
frame 0 ip: 0x80489d5
frame 1 ip: 0x80487ef
frame 2 ip: 0x40046e37
frame 3 ip: 0x80486d1

08048000-08049000 00000000 /home/mmoser/archive/cstuff_bak/GNU-Linux-2.6.38-8-generic-i686/test/errorp
40000000-4001c000 00000000 /lib/i386-linux-gnu/ld-2.13.so
4001e000-4001f000 00000000 [vdso]
40030000-4018a000 00000000 /lib/i386-linux-gnu/libc-2.13.so
40193000-401ad000 00000000 /lib/i386-linux-gnu/libgcc_s.so.1
*** eof stack ***

